TN:
SF:src/app.js
FN:16,_interopRequireDefault
FNF:1
FNH:1
FNDA:4,_interopRequireDefault
DA:3,1
DA:6,1
DA:8,1
DA:10,1
DA:12,1
DA:14,1
DA:16,4
DA:19,1
DA:21,1
DA:23,1
DA:24,1
DA:28,1
DA:29,1
DA:30,1
LF:14
LH:14
BRDA:16,0,0,1
BRDA:16,0,1,3
BRDA:16,1,0,4
BRDA:16,1,1,4
BRF:4
BRH:4
end_of_record
TN:
SF:src/controllers/todo.js
FN:3,asyncGeneratorStep
FN:5,_asyncToGenerator
FN:5,(anonymous_2)
FN:5,(anonymous_3)
FN:5,_next
FN:5,_throw
FN:12,createTodo
FN:15,_callee
FN:17,_callee$
FN:46,getSingleTodo
FN:49,_callee2
FN:51,_callee2$
FN:76,listTodoItems
FN:79,_callee3
FN:81,_callee3$
FN:111,singleTodoWithContents
FN:114,_callee4
FN:116,_callee4$
FN:160,updateSingleTodo
FN:163,_callee5
FN:165,_callee5$
FN:220,destroySingleTodo
FN:223,_callee6
FN:225,_callee6$
FNF:24
FNH:0
FNDA:0,asyncGeneratorStep
FNDA:0,_asyncToGenerator
FNDA:0,(anonymous_2)
FNDA:0,(anonymous_3)
FNDA:0,_next
FNDA:0,_throw
FNDA:0,createTodo
FNDA:0,_callee
FNDA:0,_callee$
FNDA:0,getSingleTodo
FNDA:0,_callee2
FNDA:0,_callee2$
FNDA:0,listTodoItems
FNDA:0,_callee3
FNDA:0,_callee3$
FNDA:0,singleTodoWithContents
FNDA:0,_callee4
FNDA:0,_callee4$
FNDA:0,updateSingleTodo
FNDA:0,_callee5
FNDA:0,_callee5$
FNDA:0,destroySingleTodo
FNDA:0,_callee6
FNDA:0,_callee6$
DA:3,0
DA:5,0
DA:7,1
DA:9,1
DA:11,1
DA:13,0
DA:17,0
DA:18,0
DA:19,0
DA:21,0
DA:22,0
DA:23,0
DA:28,0
DA:29,0
DA:30,0
DA:31,0
DA:34,0
DA:35,0
DA:36,0
DA:40,0
DA:47,0
DA:51,0
DA:52,0
DA:53,0
DA:55,0
DA:56,0
DA:57,0
DA:60,0
DA:61,0
DA:64,0
DA:65,0
DA:66,0
DA:70,0
DA:77,0
DA:81,0
DA:82,0
DA:83,0
DA:85,0
DA:86,0
DA:87,0
DA:95,0
DA:96,0
DA:99,0
DA:100,0
DA:101,0
DA:105,0
DA:112,0
DA:116,0
DA:117,0
DA:118,0
DA:120,0
DA:121,0
DA:122,0
DA:133,0
DA:135,0
DA:136,0
DA:137,0
DA:140,0
DA:145,0
DA:148,0
DA:149,0
DA:150,0
DA:154,0
DA:161,0
DA:165,0
DA:166,0
DA:167,0
DA:169,0
DA:170,0
DA:171,0
DA:182,0
DA:184,0
DA:185,0
DA:186,0
DA:189,0
DA:194,0
DA:195,0
DA:200,0
DA:201,0
DA:204,0
DA:205,0
DA:208,0
DA:209,0
DA:210,0
DA:214,0
DA:221,0
DA:225,0
DA:226,0
DA:227,0
DA:229,0
DA:230,0
DA:231,0
DA:242,0
DA:244,0
DA:245,0
DA:246,0
DA:249,0
DA:254,0
DA:255,0
DA:258,0
DA:259,0
DA:265,0
DA:266,0
DA:269,0
DA:270,0
DA:271,0
DA:275,0
LF:107
LH:3
BRDA:3,0,0,0
BRDA:3,0,1,0
BRDA:19,1,0,0
BRDA:19,1,1,0
BRDA:19,1,2,0
BRDA:19,1,3,0
BRDA:19,1,4,0
BRDA:53,2,0,0
BRDA:53,2,1,0
BRDA:53,2,2,0
BRDA:53,2,3,0
BRDA:53,2,4,0
BRDA:83,3,0,0
BRDA:83,3,1,0
BRDA:83,3,2,0
BRDA:83,3,3,0
BRDA:83,3,4,0
BRDA:118,4,0,0
BRDA:118,4,1,0
BRDA:118,4,2,0
BRDA:118,4,3,0
BRDA:118,4,4,0
BRDA:118,4,5,0
BRDA:135,5,0,0
BRDA:135,5,1,0
BRDA:167,6,0,0
BRDA:167,6,1,0
BRDA:167,6,2,0
BRDA:167,6,3,0
BRDA:167,6,4,0
BRDA:167,6,5,0
BRDA:167,6,6,0
BRDA:167,6,7,0
BRDA:184,7,0,0
BRDA:184,7,1,0
BRDA:196,8,0,0
BRDA:196,8,1,0
BRDA:227,9,0,0
BRDA:227,9,1,0
BRDA:227,9,2,0
BRDA:227,9,3,0
BRDA:227,9,4,0
BRDA:227,9,5,0
BRDA:227,9,6,0
BRDA:227,9,7,0
BRDA:244,10,0,0
BRDA:244,10,1,0
BRF:47
BRH:0
end_of_record
TN:
SF:src/controllers/todoitems.js
FN:3,asyncGeneratorStep
FN:5,_asyncToGenerator
FN:5,(anonymous_2)
FN:5,(anonymous_3)
FN:5,_next
FN:5,_throw
FN:10,createTodoItem
FN:13,_callee
FN:15,_callee$
FN:45,updateTodoItem
FN:48,_callee2
FN:50,_callee2$
FN:106,destroySingleTodoItem
FN:109,_callee3
FN:111,_callee3$
FNF:15
FNH:0
FNDA:0,asyncGeneratorStep
FNDA:0,_asyncToGenerator
FNDA:0,(anonymous_2)
FNDA:0,(anonymous_3)
FNDA:0,_next
FNDA:0,_throw
FNDA:0,createTodoItem
FNDA:0,_callee
FNDA:0,_callee$
FNDA:0,updateTodoItem
FNDA:0,_callee2
FNDA:0,_callee2$
FNDA:0,destroySingleTodoItem
FNDA:0,_callee3
FNDA:0,_callee3$
DA:3,0
DA:5,0
DA:7,1
DA:9,1
DA:11,0
DA:15,0
DA:16,0
DA:17,0
DA:19,0
DA:20,0
DA:21,0
DA:27,0
DA:28,0
DA:29,0
DA:30,0
DA:33,0
DA:34,0
DA:35,0
DA:39,0
DA:46,0
DA:50,0
DA:51,0
DA:52,0
DA:54,0
DA:55,0
DA:56,0
DA:64,0
DA:66,0
DA:67,0
DA:68,0
DA:71,0
DA:76,0
DA:77,0
DA:83,0
DA:84,0
DA:90,0
DA:91,0
DA:94,0
DA:95,0
DA:96,0
DA:100,0
DA:107,0
DA:111,0
DA:112,0
DA:113,0
DA:115,0
DA:116,0
DA:117,0
DA:125,0
DA:127,0
DA:128,0
DA:129,0
DA:132,0
DA:137,0
DA:138,0
DA:141,0
DA:142,0
DA:148,0
DA:149,0
DA:152,0
DA:153,0
DA:154,0
DA:158,0
LF:63
LH:2
BRDA:3,0,0,0
BRDA:3,0,1,0
BRDA:17,1,0,0
BRDA:17,1,1,0
BRDA:17,1,2,0
BRDA:17,1,3,0
BRDA:17,1,4,0
BRDA:52,2,0,0
BRDA:52,2,1,0
BRDA:52,2,2,0
BRDA:52,2,3,0
BRDA:52,2,4,0
BRDA:52,2,5,0
BRDA:52,2,6,0
BRDA:52,2,7,0
BRDA:66,3,0,0
BRDA:66,3,1,0
BRDA:78,4,0,0
BRDA:78,4,1,0
BRDA:79,5,0,0
BRDA:79,5,1,0
BRDA:113,6,0,0
BRDA:113,6,1,0
BRDA:113,6,2,0
BRDA:113,6,3,0
BRDA:113,6,4,0
BRDA:113,6,5,0
BRDA:113,6,6,0
BRDA:113,6,7,0
BRDA:127,7,0,0
BRDA:127,7,1,0
BRF:31
BRH:0
end_of_record
TN:
SF:src/models/todo.js
FN:3,(anonymous_0)
FN:11,(anonymous_1)
FNF:2
FNH:2
FNDA:1,(anonymous_0)
FNDA:1,(anonymous_1)
DA:3,1
DA:4,1
DA:11,1
DA:13,1
DA:19,1
LF:5
LH:5
BRF:0
BRH:0
end_of_record
TN:
SF:src/models/todoitem.js
FN:3,(anonymous_0)
FN:15,(anonymous_1)
FNF:2
FNH:2
FNDA:1,(anonymous_0)
FNDA:1,(anonymous_1)
DA:3,1
DA:4,1
DA:15,1
DA:17,1
DA:23,1
LF:5
LH:5
BRF:0
BRH:0
end_of_record
TN:
SF:src/routes/index.js
FN:12,_interopRequireDefault
FN:14,_default
FN:15,(anonymous_2)
FN:21,(anonymous_3)
FN:25,(anonymous_4)
FNF:5
FNH:4
FNDA:2,_interopRequireDefault
FNDA:1,_default
FNDA:1,(anonymous_2)
FNDA:0,(anonymous_3)
FNDA:2,(anonymous_4)
DA:3,1
DA:6,1
DA:8,1
DA:10,1
DA:12,2
DA:14,1
DA:15,1
DA:16,1
DA:21,1
DA:22,0
DA:24,1
DA:25,1
DA:26,2
DA:33,1
LF:14
LH:13
BRDA:12,0,0,2
BRDA:12,0,1,0
BRDA:12,1,0,2
BRDA:12,1,1,2
BRF:4
BRH:3
end_of_record
TN:
SF:src/routes/todo.js
FNF:0
FNH:0
DA:3,1
DA:6,1
DA:8,1
DA:10,1
DA:12,1
DA:14,1
DA:16,1
DA:18,1
DA:20,1
DA:22,1
DA:23,1
DA:24,1
LF:12
LH:12
BRF:0
BRH:0
end_of_record
TN:
SF:src/routes/todoitem.js
FNF:0
FNH:0
DA:3,1
DA:6,1
DA:8,1
DA:10,1
DA:12,1
DA:14,1
DA:16,1
DA:18,1
DA:19,1
DA:20,1
LF:10
LH:10
BRF:0
BRH:0
end_of_record
